New game
[Base position:[3, 6] owner:null]
SPAWNING: Coat
[0, 9]
SPAWNING: Walrus
SPAWNING: Walrus
BUCKET: No snow
BUCKET: Gathering snowballs
BUCKET: No snow
BUCKET: Gathering snowballs
BUCKET: No snow
[1, 8]
BUCKET: No snow
[1, 7]
BUCKET: No snow
BUCKET: Gathering snowballs
BUCKET: No snow
BUCKET: Gathering snowballs
BUCKET: No snow
[2, 9]
BUCKET: No snow
[2, 8]
BUCKET: No snow
BUCKET: Gathering snowballs
BUCKET: No snow
BUCKET: Gathering snowballs
BUCKET: No snow
[3, 8]
BUCKET: No snow
[3, 8]
BUCKET: No snow
BUCKET: Gathering snowballs
BUCKET: No snow
[2, 8]
BUCKET: No snow
[5, 6]
BUCKET: No snow
[4, 6]
BUCKET: No snow
[5, 5]
BUCKET: No snow
BUCKET: Gathering snowballs
BUCKET: No snow
BUCKET: Gathering snowballs
BUCKET: No snow
[6, 4]
BUCKET: No snow
[5, 3]
BUCKET: No snow
BUCKET: Gathering snowballs
BUCKET: No snow
[5, 2]
BUCKET: No snow
BUCKET: Gathering snowballs
BUCKET: No snow
[7, 2]
BUCKET: No snow
BUCKET: Gathering snowballs
BUCKET: No snow
[9, 2]
BUCKET: No snow
BUCKET: Gathering snowballs
BUCKET: No snow
[9, 4]
BUCKET: No snow
BUCKET: Gathering snowballs
BUCKET: No snow
BUCKET: Gathering snowballs
SPAWNING: Walrus
BUCKET: No snow
[9, 3]
BUCKET: No snow
BUCKET: Gathering snowballs
BUCKET: No snow
BUCKET: Gathering snowballs
BUCKET: No snow
[2, 8]
BUCKET: No snow
BUCKET: Gathering snowballs
BUCKET: No snow
BUCKET: Gathering snowballs
BUCKET: No snow
[10, 1]
BUCKET: No snow
[4, 6]
BUCKET: No snow
BUCKET: Gathering snowballs
BUCKET: No snow
[4, 6]
BUCKET: No snow
BUCKET: Gathering snowballs
BUCKET: No snow
[4, 6]
BUCKET: No snow
[3, 8]
BUCKET: No snow
[8, 2]
BUCKET: No snow
BUCKET: Gathering snowballs
BUCKET: helping capture [8, 4]
BUCKET: No snow
[5, 6]
BUCKET: No snow
[6, 5]
BUCKET: No snow
BUCKET: Gathering snowballs
BUCKET: No snow
[6, 5]
BUCKET: No snow
[7, 3]
BUCKET: No snow
[7, 5]
BUCKET: No snow
[9, 5]
BUCKET: No snow
[8, 2]
BUCKET: No snow
BUCKET: Gathering snowballs
BUCKET: No snow
BUCKET: Gathering snowballs
BUCKET: No snow
BUCKET: Gathering snowballs
BUCKET: No snow
BUCKET: Gathering snowballs
BUCKET: No snow
[10, 4]
BUCKET: No snow
[10, 1]
BUCKET: No snow
BUCKET: Gathering snowballs
BUCKET: No snow
[10, 1]
BUCKET: No snow
[10, 1]
BUCKET: No snow
BUCKET: Gathering snowballs
BUCKET: No snow
[10, 1]
BUCKET: No snow
[10, 1]
BUCKET: No snow
[11, 4]
BUCKET: No snow
[12, 1]
BUCKET: No snow
BUCKET: Gathering snowballs
SPAWNING: Walrus
BUCKET: No snow
[2, 8]
BUCKET: No snow
BUCKET: Gathering snowballs
BUCKET: No snow
[4, 8]
BUCKET: No snow
BUCKET: Gathering snowballs
BUCKET: No snow
[9, 5]
BUCKET: No snow
BUCKET: Gathering snowballs
BUCKET: No snow
[7, 6]
BUCKET: No snow
[4, 8]
SPAWNING: Walrus
BUCKET: No snow
[4, 8]
BUCKET: No snow
BUCKET: Gathering snowballs
BUCKET: No snow
[1, 8]
BUCKET: No snow
[4, 7]
BUCKET: No snow
BUCKET: Gathering snowballs
BUCKET: No snow
BUCKET: Gathering snowballs
BUCKET: No snow
[1, 6]
BUCKET: No snow
BUCKET: Gathering snowballs
BUCKET: No snow
BUCKET: Gathering snowballs
BUCKET: No snow
[4, 5]
BUCKET: No snow
BUCKET: Gathering snowballs
BUCKET: No snow
[4, 5]
BUCKET: No snow
[1, 7]
BUCKET: No snow
[5, 6]
BUCKET: No snow
BUCKET: Gathering snowballs
BUCKET: No snow
[5, 6]
SPAWNING: Coat
[0, 8]
BUCKET: helping capture [3, 7]
BUCKET: helping capture [7, 4]
BUCKET: No snow
[5, 4]
BUCKET: No snow
BUCKET: Gathering snowballs
